#
# A fatal error has been detected by the Java Runtime Environment:
#
#  SIGSEGV (0xb) at pc=0x0000000126870027, pid=9574, tid=0x0000000000015267
#
# JRE version: Java(TM) SE Runtime Environment (8.0_181-b13) (build 1.8.0_181-b13)
# Java VM: Java HotSpot(TM) 64-Bit Server VM (25.181-b13 mixed mode bsd-amd64 compressed oops)
# Problematic frame:
# C  [libawt_lwawt.dylib+0x1c027]  OGLSD_SetScratchSurface+0x49
#
# Failed to write core dump. Core dumps have been disabled. To enable core dumping, try "ulimit -c unlimited" before starting Java again
#
# If you would like to submit a bug report, please visit:
#   http://bugreport.java.com/bugreport/crash.jsp
# The crash happened outside the Java Virtual Machine in native code.
# See problematic frame for where to report the bug.
#

---------------  T H R E A D  ---------------

Current thread (0x00007fee3191a000):  JavaThread "Java2D Queue Flusher" daemon [_thread_in_native, id=86631, stack(0x0000700006d94000,0x0000700006e94000)]

siginfo: si_signo: 11 (SIGSEGV), si_code: 1 (SEGV_MAPERR), si_addr: 0x000000000000004a

Registers:
RAX=0x00000001268915ca, RBX=0x000000000000004a, RCX=0x0000000000000047, RDX=0x0000000126891b14
RSP=0x0000700006e93740, RBP=0x0000700006e93760, RSI=0x00007fee34407bf0, RDI=0x00007fee3191a1f8
R8 =0x00000000000001e7, R9 =0xffffffff00000000, R10=0x0000000112575d38, R11=0x0000000112576900
R12=0x0000000000000000, R13=0x0000700006e93900, R14=0x00007fee3191a1f8, R15=0x00007fee3191a000
RIP=0x0000000126870027, EFLAGS=0x0000000000010202, ERR=0x0000000000000004
  TRAPNO=0x000000000000000e

Top of Stack: (sp=0x0000700006e93740)
0x0000700006e93740:   00007fee34407bf0 0000000000000000
0x0000700006e93750:   00007fee32a32a10 00007fee3191a000
0x0000700006e93760:   0000700006e937e0 00000001268915f2
0x0000700006e93770:   00007fee30e2a500 0000000200000001
0x0000700006e93780:   0000700006e93780 0000000124d61a00
0x0000700006e93790:   0000000000000000 0000000000000000
0x0000700006e937a0:   0000700006e937e0 00007fee32a32a20
0x0000700006e937b0:   0000000000000000 00007fee3191a1f8
0x0000700006e937c0:   00000001625f2b98 0000000000000000
0x0000700006e937d0:   0000700006e93980 00007fee3191a000
0x0000700006e937e0:   0000700006e93830 0000000112575daa
0x0000700006e937f0:   0000000740194af0 000000011013bff4
0x0000700006e93800:   0000000000000064 0000000000000000
0x0000700006e93810:   0000000000000064 00007fee30e51048
0x0000700006e93820:   0000700006e93880 000000010ff51a64
0x0000700006e93830:   0000700006e93958 00000001125762bc
0x0000700006e93840:   0000000000000001 00007fee30e2ac50
0x0000700006e93850:   0000000740194800 00007fee3191a000
0x0000700006e93860:   00007fee3191a000 0000000124bb1a00
0x0000700006e93870:   0000700006e93980 00007fee3191a000
0x0000700006e93880:   0000700006e938d0 000000011212d668
0x0000700006e93890:   0000000740194af0 000000011243df26
0x0000700006e938a0:   0000700006e93958 000000011257695c
0x0000700006e938b0:   0000700006e938b0 000000016272c7af
0x0000700006e938c0:   0000700006e93900 000000016272c830
0x0000700006e938d0:   0000700006e93958 0000000111bb92bd
0x0000700006e938e0:   0000700006e93958 0000000111bb92bd
0x0000700006e938f0:   0000000000000064 0000000111bb92bd
0x0000700006e93900:   0000000740194af0 0000000000000001
0x0000700006e93910:   0000000740194848 0000700006e93908
0x0000700006e93920:   000000012500f5d1 0000700006e93980
0x0000700006e93930:   000000012500fe58 0000000162745ca8 

Instructions: (pc=0x0000000126870027)
0x0000000126870007:   c0 e9 82 00 00 00 48 8b 5e 10 48 85 db 75 0e bf
0x0000000126870017:   01 00 00 00 48 8d 15 a8 96 03 00 eb d6 49 89 fe
0x0000000126870027:   4c 8b 3b 30 c0 e8 ff bc 02 00 49 8b 3f 49 89 c4
0x0000000126870037:   48 8b 35 02 29 06 00 30 c0 e8 4d be 02 00 48 85 

Register to memory mapping:

RAX=0x00000001268915ca: Java_sun_java2d_opengl_OGLRenderQueue_flushBuffer+0x612 in /Library/Internet Plug-Ins/JavaAppletPlugin.plugin/Contents/Home/lib/libawt_lwawt.dylib at 0x0000000126854000
RBX=0x000000000000004a is an unknown value
RCX=0x0000000000000047 is an unknown value
RDX=0x0000000126891b14: Java_sun_java2d_opengl_OGLRenderQueue_flushBuffer+0xb5c in /Library/Internet Plug-Ins/JavaAppletPlugin.plugin/Contents/Home/lib/libawt_lwawt.dylib at 0x0000000126854000
RSP=0x0000700006e93740 is pointing into the stack for thread: 0x00007fee3191a000
RBP=0x0000700006e93760 is pointing into the stack for thread: 0x00007fee3191a000
RSI=0x00007fee34407bf0 is an unknown value
RDI=0x00007fee3191a1f8 is an unknown value
R8 =0x00000000000001e7 is an unknown value
R9 =0xffffffff00000000 is an unknown value
R10=0x0000000112575d38 is at entry_point+56 in (nmethod*)0x0000000112575b90
R11=0x0000000112576900 is at entry_point+0 in (nmethod*)0x0000000112576790
R12=0x0000000000000000 is an unknown value
R13=0x0000700006e93900 is pointing into the stack for thread: 0x00007fee3191a000
R14=0x00007fee3191a1f8 is an unknown value
R15=0x00007fee3191a000 is a thread


Stack: [0x0000700006d94000,0x0000700006e94000],  sp=0x0000700006e93740,  free space=1021k
Native frames: (J=compiled Java code, j=interpreted, Vv=VM code, C=native code)
C  [libawt_lwawt.dylib+0x1c027]  OGLSD_SetScratchSurface+0x49
C  [libawt_lwawt.dylib+0x3d5f2]  Java_sun_java2d_opengl_OGLRenderQueue_flushBuffer+0x63a
J 3733  sun.java2d.opengl.OGLRenderQueue.flushBuffer(JI)V (0 bytes) @ 0x0000000112575daa [0x0000000112575d00+0xaa]
J 3731 C1 sun.java2d.opengl.OGLRenderQueue.flushBuffer()V (41 bytes) @ 0x00000001125762bc [0x0000000112576060+0x25c]
J 3730 C1 sun.java2d.opengl.OGLRenderQueue.access$100(Lsun/java2d/opengl/OGLRenderQueue;)V (5 bytes) @ 0x000000011257695c [0x0000000112576900+0x5c]
j  sun.java2d.opengl.OGLRenderQueue$QueueFlusher.run()V+81
v  ~StubRoutines::call_stub
V  [libjvm.dylib+0x2efcba]  JavaCalls::call_helper(JavaValue*, methodHandle*, JavaCallArguments*, Thread*)+0x6ae
V  [libjvm.dylib+0x2f045e]  JavaCalls::call_virtual(JavaValue*, KlassHandle, Symbol*, Symbol*, JavaCallArguments*, Thread*)+0x164
V  [libjvm.dylib+0x2f060a]  JavaCalls::call_virtual(JavaValue*, Handle, KlassHandle, Symbol*, Symbol*, Thread*)+0x4a
V  [libjvm.dylib+0x34aef9]  thread_entry(JavaThread*, Thread*)+0x7c
V  [libjvm.dylib+0x56fa7f]  JavaThread::thread_main_inner()+0x9b
V  [libjvm.dylib+0x57117a]  JavaThread::run()+0x1c2
V  [libjvm.dylib+0x48e342]  java_start(Thread*)+0xf6
C  [libsystem_pthread.dylib+0x32eb]  _pthread_body+0x7e
C  [libsystem_pthread.dylib+0x6249]  _pthread_start+0x42
C  [libsystem_pthread.dylib+0x240d]  thread_start+0xd
C  0x0000000000000000

Java frames: (J=compiled Java code, j=interpreted, Vv=VM code)
J 3733  sun.java2d.opengl.OGLRenderQueue.flushBuffer(JI)V (0 bytes) @ 0x0000000112575d38 [0x0000000112575d00+0x38]
J 3731 C1 sun.java2d.opengl.OGLRenderQueue.flushBuffer()V (41 bytes) @ 0x00000001125762bc [0x0000000112576060+0x25c]
J 3730 C1 sun.java2d.opengl.OGLRenderQueue.access$100(Lsun/java2d/opengl/OGLRenderQueue;)V (5 bytes) @ 0x000000011257695c [0x0000000112576900+0x5c]
j  sun.java2d.opengl.OGLRenderQueue$QueueFlusher.run()V+81
v  ~StubRoutines::call_stub

---------------  P R O C E S S  ---------------

Java Threads: ( => current thread )
  0x00007fee31bbb000 JavaThread "pool-2-thread-4" [_thread_blocked, id=57611, stack(0x000070000752c000,0x000070000762c000)]
  0x00007fee31c22800 JavaThread "pool-2-thread-3" [_thread_blocked, id=71171, stack(0x0000700007429000,0x0000700007529000)]
  0x00007fee32c98800 JavaThread "pool-2-thread-2" [_thread_blocked, id=59479, stack(0x0000700007326000,0x0000700007426000)]
  0x00007fee31c23800 JavaThread "pool-2-thread-1" [_thread_in_Java, id=60747, stack(0x0000700006c0b000,0x0000700006d0b000)]
  0x00007fee3211d000 JavaThread "DestroyJavaVM" [_thread_blocked, id=6147, stack(0x0000700005c5b000,0x0000700005d5b000)]
  0x00007fee31a03000 JavaThread "TimerQueue" daemon [_thread_blocked, id=54279, stack(0x0000700007223000,0x0000700007323000)]
  0x00007fee32065000 JavaThread "AWT-EventQueue-0" [_thread_blocked, id=75019, stack(0x000070000709d000,0x000070000719d000)]
  0x00007fee312dc000 JavaThread "Timer-0" daemon [_thread_blocked, id=75583, stack(0x0000700006f9a000,0x000070000709a000)]
  0x00007fee31937000 JavaThread "Java2D Disposer" daemon [_thread_blocked, id=49923, stack(0x0000700006e97000,0x0000700006f97000)]
=>0x00007fee3191a000 JavaThread "Java2D Queue Flusher" daemon [_thread_in_native, id=86631, stack(0x0000700006d94000,0x0000700006e94000)]
  0x00007fee31149800 JavaThread "AWT-Shutdown" [_thread_blocked, id=38699, stack(0x0000700006b08000,0x0000700006c08000)]
  0x00007fee32036000 JavaThread "AppKit Thread" daemon [_thread_in_native, id=775, stack(0x00007ffee00ba000,0x00007ffee08ba000)]
  0x00007fee31037800 JavaThread "Service Thread" daemon [_thread_blocked, id=14851, stack(0x000070000687f000,0x000070000697f000)]
  0x00007fee32859000 JavaThread "C1 CompilerThread2" daemon [_thread_blocked, id=14339, stack(0x000070000677c000,0x000070000687c000)]
  0x00007fee32858800 JavaThread "C2 CompilerThread1" daemon [_thread_blocked, id=18691, stack(0x0000700006679000,0x0000700006779000)]
  0x00007fee3283a000 JavaThread "C2 CompilerThread0" daemon [_thread_blocked, id=14083, stack(0x0000700006576000,0x0000700006676000)]
  0x00007fee32839000 JavaThread "Signal Dispatcher" daemon [_thread_blocked, id=19203, stack(0x0000700006473000,0x0000700006573000)]
  0x00007fee31806000 JavaThread "Finalizer" daemon [_thread_blocked, id=21251, stack(0x0000700006370000,0x0000700006470000)]
  0x00007fee32833800 JavaThread "Reference Handler" daemon [_thread_blocked, id=12547, stack(0x000070000626d000,0x000070000636d000)]

Other Threads:
  0x00007fee31026800 VMThread [stack: 0x000070000616a000,0x000070000626a000] [id=12291]
  0x00007fee32849000 WatcherThread [stack: 0x0000700006982000,0x0000700006a82000] [id=15107]

VM state:not at safepoint (normal execution)

VM Mutex/Monitor currently owned by a thread: None

Heap:
 PSYoungGen      total 152064K, used 71119K [0x0000000795580000, 0x00000007a4c00000, 0x00000007c0000000)
  eden space 149504K, 47% used [0x0000000795580000,0x0000000799af3e88,0x000000079e780000)
  from space 2560K, 0% used [0x00000007a4200000,0x00000007a4200000,0x00000007a4480000)
  to   space 6144K, 0% used [0x00000007a4600000,0x00000007a4600000,0x00000007a4c00000)
 ParOldGen       total 48640K, used 11431K [0x0000000740000000, 0x0000000742f80000, 0x0000000795580000)
  object space 48640K, 23% used [0x0000000740000000,0x0000000740b29fb8,0x0000000742f80000)
 Metaspace       used 22835K, capacity 23282K, committed 23552K, reserved 1069056K
  class space    used 2795K, capacity 2944K, committed 3072K, reserved 1048576K

Card table byte_map: [0x0000000110fbd000,0x00000001113be000] byte_map_base: 0x000000010d5bd000

Marking Bits: (ParMarkBitMap*) 0x00000001104f9cd0
 Begin Bits: [0x0000000120bb1000, 0x0000000122bb1000)
 End Bits:   [0x0000000122bb1000, 0x0000000124bb1000)

Polling page: 0x000000010f3f0000

CodeCache: size=245760Kb used=15730Kb max_used=15739Kb free=230030Kb
 bounds [0x0000000111bb1000, 0x0000000112b31000, 0x0000000120bb1000]
 total_blobs=5269 nmethods=4594 adapters=587
 compilation: enabled

Compilation events (10 events):
Event: 21514.143 Thread 0x00007fee32859000 5927       3       sun.java2d.SurfaceDataProxy$1::replaceData (2 bytes)
Event: 21514.143 Thread 0x00007fee32859000 nmethod 5927 0x0000000112b1f050 code [0x0000000112b1f1a0, 0x0000000112b1f2f0]
Event: 21514.151 Thread 0x00007fee32859000 5928       3       sun.awt.image.SunVolatileImage::contentsLost (8 bytes)
Event: 21514.152 Thread 0x00007fee32859000 nmethod 5928 0x0000000112b1ec50 code [0x0000000112b1edc0, 0x0000000112b1efb0]
Event: 21514.152 Thread 0x00007fee32859000 5929       3       javax.swing.RepaintManager$PaintManager::endPaint (1 bytes)
Event: 21514.152 Thread 0x00007fee32859000 nmethod 5929 0x0000000112b1e950 code [0x0000000112b1eaa0, 0x0000000112b1ebf0]
Event: 21514.165 Thread 0x00007fee32858800 5930       4       java.util.AbstractList$Itr::checkForComodification (23 bytes)
Event: 21514.165 Thread 0x00007fee3283a000 5931   !   4       java.util.AbstractList$Itr::next (45 bytes)
Event: 21514.165 Thread 0x00007fee32858800 nmethod 5930 0x0000000112b17050 code [0x0000000112b171a0, 0x0000000112b17238]
Event: 21514.166 Thread 0x00007fee3283a000 nmethod 5931 0x0000000112b27090 code [0x0000000112b27200, 0x0000000112b273a8]

GC Heap History (10 events):
Event: 21123.160 GC heap before
{Heap before GC invocations=218 (full 2):
 PSYoungGen      total 115712K, used 112908K [0x0000000795580000, 0x00000007a5200000, 0x00000007c0000000)
  eden space 111104K, 100% used [0x0000000795580000,0x000000079c200000,0x000000079c200000)
  from space 4608K, 39% used [0x00000007a4900000,0x00000007a4ac3278,0x00000007a4d80000)
  to   space 4608K, 0% used [0x00000007a4d80000,0x00000007a4d80000,0x00000007a5200000)
 ParOldGen       total 45568K, used 39597K [0x0000000740000000, 0x0000000742c80000, 0x0000000795580000)
  object space 45568K, 86% used [0x0000000740000000,0x00000007426ab440,0x0000000742c80000)
 Metaspace       used 22812K, capacity 23278K, committed 23552K, reserved 1069056K
  class space    used 2795K, capacity 2944K, committed 3072K, reserved 1048576K
Event: 21123.176 GC heap after
Heap after GC invocations=218 (full 2):
 PSYoungGen      total 109568K, used 2334K [0x0000000795580000, 0x00000007a5000000, 0x00000007c0000000)
  eden space 107008K, 0% used [0x0000000795580000,0x0000000795580000,0x000000079be00000)
  from space 2560K, 91% used [0x00000007a4d80000,0x00000007a4fc79b8,0x00000007a5000000)
  to   space 4608K, 0% used [0x00000007a4700000,0x00000007a4700000,0x00000007a4b80000)
 ParOldGen       total 45568K, used 41469K [0x0000000740000000, 0x0000000742c80000, 0x0000000795580000)
  object space 45568K, 91% used [0x0000000740000000,0x000000074287f600,0x0000000742c80000)
 Metaspace       used 22812K, capacity 23278K, committed 23552K, reserved 1069056K
  class space    used 2795K, capacity 2944K, committed 3072K, reserved 1048576K
}
Event: 21514.230 GC heap before
{Heap before GC invocations=219 (full 2):
 PSYoungGen      total 109568K, used 109342K [0x0000000795580000, 0x00000007a5000000, 0x00000007c0000000)
  eden space 107008K, 100% used [0x0000000795580000,0x000000079be00000,0x000000079be00000)
  from space 2560K, 91% used [0x00000007a4d80000,0x00000007a4fc79b8,0x00000007a5000000)
  to   space 4608K, 0% used [0x00000007a4700000,0x00000007a4700000,0x00000007a4b80000)
 ParOldGen       total 45568K, used 41469K [0x0000000740000000, 0x0000000742c80000, 0x0000000795580000)
  object space 45568K, 91% used [0x0000000740000000,0x000000074287f600,0x0000000742c80000)
 Metaspace       used 22835K, capacity 23282K, committed 23552K, reserved 1069056K
  class space    used 2795K, capacity 2944K, committed 3072K, reserved 1048576K
Event: 21514.247 GC heap after
Heap after GC invocations=219 (full 2):
 PSYoungGen      total 108032K, used 4570K [0x0000000795580000, 0x00000007a4e00000, 0x00000007c0000000)
  eden space 103424K, 0% used [0x0000000795580000,0x0000000795580000,0x000000079ba80000)
  from space 4608K, 99% used [0x00000007a4700000,0x00000007a4b76860,0x00000007a4b80000)
  to   space 2560K, 0% used [0x00000007a4b80000,0x00000007a4b80000,0x00000007a4e00000)
 ParOldGen       total 45568K, used 41469K [0x0000000740000000, 0x0000000742c80000, 0x0000000795580000)
  object space 45568K, 91% used [0x0000000740000000,0x000000074287f600,0x0000000742c80000)
 Metaspace       used 22835K, capacity 23282K, committed 23552K, reserved 1069056K
  class space    used 2795K, capacity 2944K, committed 3072K, reserved 1048576K
}
Event: 21514.354 GC heap before
{Heap before GC invocations=220 (full 2):
 PSYoungGen      total 108032K, used 107994K [0x0000000795580000, 0x00000007a4e00000, 0x00000007c0000000)
  eden space 103424K, 100% used [0x0000000795580000,0x000000079ba80000,0x000000079ba80000)
  from space 4608K, 99% used [0x00000007a4700000,0x00000007a4b76860,0x00000007a4b80000)
  to   space 2560K, 0% used [0x00000007a4b80000,0x00000007a4b80000,0x00000007a4e00000)
 ParOldGen       total 45568K, used 41469K [0x0000000740000000, 0x0000000742c80000, 0x0000000795580000)
  object space 45568K, 91% used [0x0000000740000000,0x000000074287f600,0x0000000742c80000)
 Metaspace       used 22835K, capacity 23282K, committed 23552K, reserved 1069056K
  class space    used 2795K, capacity 2944K, committed 3072K, reserved 1048576K
Event: 21514.365 GC heap after
Heap after GC invocations=220 (full 2):
 PSYoungGen      total 126976K, used 2542K [0x0000000795580000, 0x00000007a4e00000, 0x00000007c0000000)
  eden space 124416K, 0% used [0x0000000795580000,0x0000000795580000,0x000000079cf00000)
  from space 2560K, 99% used [0x00000007a4b80000,0x00000007a4dfbae0,0x00000007a4e00000)
  to   space 6144K, 0% used [0x00000007a4200000,0x00000007a4200000,0x00000007a4800000)
 ParOldGen       total 45568K, used 42588K [0x0000000740000000, 0x0000000742c80000, 0x0000000795580000)
  object space 45568K, 93% used [0x0000000740000000,0x0000000742997390,0x0000000742c80000)
 Metaspace       used 22835K, capacity 23282K, committed 23552K, reserved 1069056K
  class space    used 2795K, capacity 2944K, committed 3072K, reserved 1048576K
}
Event: 21514.498 GC heap before
{Heap before GC invocations=221 (full 2):
 PSYoungGen      total 126976K, used 126958K [0x0000000795580000, 0x00000007a4e00000, 0x00000007c0000000)
  eden space 124416K, 100% used [0x0000000795580000,0x000000079cf00000,0x000000079cf00000)
  from space 2560K, 99% used [0x00000007a4b80000,0x00000007a4dfbae0,0x00000007a4e00000)
  to   space 6144K, 0% used [0x00000007a4200000,0x00000007a4200000,0x00000007a4800000)
 ParOldGen       total 45568K, used 42588K [0x0000000740000000, 0x0000000742c80000, 0x0000000795580000)
  object space 45568K, 93% used [0x0000000740000000,0x0000000742997390,0x0000000742c80000)
 Metaspace       used 22835K, capacity 23282K, committed 23552K, reserved 1069056K
  class space    used 2795K, capacity 2944K, committed 3072K, reserved 1048576K
Event: 21514.516 GC heap after
Heap after GC invocations=221 (full 2):
 PSYoungGen      total 152064K, used 2464K [0x0000000795580000, 0x00000007a4c00000, 0x00000007c0000000)
  eden space 149504K, 0% used [0x0000000795580000,0x0000000795580000,0x000000079e780000)
  from space 2560K, 96% used [0x00000007a4200000,0x00000007a4468000,0x00000007a4480000)
  to   space 6144K, 0% used [0x00000007a4600000,0x00000007a4600000,0x00000007a4c00000)
 ParOldGen       total 45568K, used 45022K [0x0000000740000000, 0x0000000742c80000, 0x0000000795580000)
  object space 45568K, 98% used [0x0000000740000000,0x0000000742bf7918,0x0000000742c80000)
 Metaspace       used 22835K, capacity 23282K, committed 23552K, reserved 1069056K
  class space    used 2795K, capacity 2944K, committed 3072K, reserved 1048576K
}
Event: 21514.517 GC heap before
{Heap before GC invocations=222 (full 3):
 PSYoungGen      total 152064K, used 2464K [0x0000000795580000, 0x00000007a4c00000, 0x00000007c0000000)
  eden space 149504K, 0% used [0x0000000795580000,0x0000000795580000,0x000000079e780000)
  from space 2560K, 96% used [0x00000007a4200000,0x00000007a4468000,0x00000007a4480000)
  to   space 6144K, 0% used [0x00000007a4600000,0x00000007a4600000,0x00000007a4c00000)
 ParOldGen       total 45568K, used 45022K [0x0000000740000000, 0x0000000742c80000, 0x0000000795580000)
  object space 45568K, 98% used [0x0000000740000000,0x0000000742bf7918,0x0000000742c80000)
 Metaspace       used 22835K, capacity 23282K, committed 23552K, reserved 1069056K
  class space    used 2795K, capacity 2944K, committed 3072K, reserved 1048576K
Event: 21514.634 GC heap after
Heap after GC invocations=222 (full 3):
 PSYoungGen      total 152064K, used 0K [0x0000000795580000, 0x00000007a4c00000, 0x00000007c0000000)
  eden space 149504K, 0% used [0x0000000795580000,0x0000000795580000,0x000000079e780000)
  from space 2560K, 0% used [0x00000007a4200000,0x00000007a4200000,0x00000007a4480000)
  to   space 6144K, 0% used [0x00000007a4600000,0x00000007a4600000,0x00000007a4c00000)
 ParOldGen       total 48640K, used 11431K [0x0000000740000000, 0x0000000742f80000, 0x0000000795580000)
  object space 48640K, 23% used [0x0000000740000000,0x0000000740b29fb8,0x0000000742f80000)
 Metaspace       used 22835K, capacity 23282K, committed 23552K, reserved 1069056K
  class space    used 2795K, capacity 2944K, committed 3072K, reserved 1048576K
}

Deoptimization events (10 events):
Event: 11486.256 Thread 0x00007fee3191a000 Uncommon trap: reason=unstable_if action=reinterpret pc=0x00000001125d0c1c method=sun.java2d.opengl.OGLRenderQueue$QueueFlusher.run()V @ 22
Event: 21107.917 Thread 0x00007fee32065000 Uncommon trap: reason=class_check action=maybe_recompile pc=0x00000001128f5ca0 method=sun.awt.shell.ShellFolder.compareTo(Ljava/io/File;)I @ 5
Event: 21107.919 Thread 0x00007fee32065000 Uncommon trap: reason=class_check action=maybe_recompile pc=0x00000001128f5ca0 method=sun.awt.shell.ShellFolder.compareTo(Ljava/io/File;)I @ 5
Event: 21107.920 Thread 0x00007fee32065000 Uncommon trap: reason=class_check action=maybe_recompile pc=0x00000001128f5ca0 method=sun.awt.shell.ShellFolder.compareTo(Ljava/io/File;)I @ 5
Event: 21107.920 Thread 0x00007fee32065000 Uncommon trap: reason=class_check action=maybe_recompile pc=0x00000001128f5ca0 method=sun.awt.shell.ShellFolder.compareTo(Ljava/io/File;)I @ 5
Event: 21107.967 Thread 0x00007fee32065000 Uncommon trap: reason=bimorphic action=maybe_recompile pc=0x0000000111faead0 method=java.util.AbstractList$Itr.next()Ljava/lang/Object; @ 14
Event: 21107.983 Thread 0x00007fee32065000 Uncommon trap: reason=class_check action=maybe_recompile pc=0x0000000112174b00 method=java.awt.ModalEventFilter.acceptEvent(Ljava/awt/AWTEvent;)Ljava/awt/EventFilter$FilterAction; @ 77
Event: 21108.032 Thread 0x00007fee32065000 Uncommon trap: reason=class_check action=maybe_recompile pc=0x0000000112174b00 method=java.awt.ModalEventFilter.acceptEvent(Ljava/awt/AWTEvent;)Ljava/awt/EventFilter$FilterAction; @ 77
Event: 21203.754 Thread 0x00007fee32065000 Uncommon trap: reason=unstable_if action=reinterpret pc=0x000000011272ab80 method=java.awt.Container.findComponentAtImpl(IIZ)Ljava/awt/Component; @ 24
Event: 21514.641 Thread 0x00007fee3191a000 Uncommon trap: reason=bimorphic action=maybe_recompile pc=0x0000000112318798 method=sun.java2d.opengl.OGLRenderQueue$QueueFlusher.run()V @ 95

Classes redefined (0 events):
No events

Internal exceptions (10 events):
Event: 0.656 Thread 0x00007fee31007800 Exception <a 'java/io/FileNotFoundException'> (0x00000007958addc0) thrown at [/Users/java_re/workspace/8-2-build-macosx-x86_64/jdk8u181/11358/hotspot/src/share/vm/prims/jni.cpp, line 709]
Event: 0.656 Thread 0x00007fee31007800 Exception <a 'java/io/FileNotFoundException'> (0x00000007958ae908) thrown at [/Users/java_re/workspace/8-2-build-macosx-x86_64/jdk8u181/11358/hotspot/src/share/vm/prims/jni.cpp, line 709]
Event: 5.448 Thread 0x00007fee31806000 Exception <a 'java/lang/NullPointerException'> (0x000000079574eb20) thrown at [/Users/java_re/workspace/8-2-build-macosx-x86_64/jdk8u181/11358/hotspot/src/share/vm/interpreter/linkResolver.cpp, line 1185]
Event: 202.986 Thread 0x00007fee32065000 Exception <a 'java/lang/NullPointerException'> (0x00000007ae4217a8) thrown at [/Users/java_re/workspace/8-2-build-macosx-x86_64/jdk8u181/11358/hotspot/src/share/vm/prims/jni.cpp, line 735]
Event: 203.313 Thread 0x00007fee32065000 Implicit null exception at 0x0000000111cbeb6f to 0x0000000111cbefb9
Event: 203.313 Thread 0x00007fee32065000 Implicit null exception at 0x0000000111fd7930 to 0x0000000111fd8eb1
Event: 203.362 Thread 0x00007fee31806000 Exception <a 'java/lang/NullPointerException'> (0x0000000795633238) thrown at [/Users/java_re/workspace/8-2-build-macosx-x86_64/jdk8u181/11358/hotspot/src/share/vm/interpreter/linkResolver.cpp, line 1185]
Event: 239.324 Thread 0x00007fee31bbb000 Implicit null exception at 0x00000001123b8f82 to 0x00000001123baced
Event: 239.325 Thread 0x00007fee31bbb000 Implicit null exception at 0x0000000111ea715c to 0x0000000111ea74a1
Event: 373.693 Thread 0x00007fee31c23800 Implicit null exception at 0x0000000111fceafa to 0x0000000111fcec7d

Events (10 events):
Event: 21204.779 Thread 0x00007fee32859000 flushing nmethod 0x00000001122fd690
Event: 21514.230 Executing VM operation: ParallelGCFailedAllocation
Event: 21514.247 Executing VM operation: ParallelGCFailedAllocation done
Event: 21514.354 Executing VM operation: ParallelGCFailedAllocation
Event: 21514.365 Executing VM operation: ParallelGCFailedAllocation done
Event: 21514.498 Executing VM operation: ParallelGCFailedAllocation
Event: 21514.634 Executing VM operation: ParallelGCFailedAllocation done
Event: 21514.641 Thread 0x00007fee3191a000 Uncommon trap: trap_request=0xffffffc6 fr.pc=0x0000000112318798
Event: 21514.641 Thread 0x00007fee3191a000 DEOPT PACKING pc=0x0000000112318798 sp=0x0000700006e93930
Event: 21514.641 Thread 0x00007fee3191a000 DEOPT UNPACKING pc=0x0000000111bf673a sp=0x0000700006e938f0 mode 2


Dynamic libraries:
0x00007fff4b351000 	/System/Library/Frameworks/Cocoa.framework/Versions/A/Cocoa
0x00007fff57069000 	/System/Library/Frameworks/Security.framework/Versions/A/Security
0x00007fff49fe6000 	/System/Library/Frameworks/ApplicationServices.framework/Versions/A/ApplicationServices
0x00007fff7712b000 	/usr/lib/libz.1.dylib
0x00007fff74a85000 	/usr/lib/libSystem.B.dylib
0x00007fff762bc000 	/usr/lib/libobjc.A.dylib
0x00007fff4bb39000 	/System/Library/Frameworks/CoreFoundation.framework/Versions/A/CoreFoundation
0x00007fff4ddbb000 	/System/Library/Frameworks/Foundation.framework/Versions/C/Foundation
0x00007fff491df000 	/System/Library/Frameworks/AppKit.framework/Versions/C/AppKit
0x00007fff4b6cc000 	/System/Library/Frameworks/CoreData.framework/Versions/A/CoreData
0x00007fff6e558000 	/System/Library/PrivateFrameworks/RemoteViewServices.framework/Versions/A/RemoteViewServices
0x00007fff727c5000 	/System/Library/PrivateFrameworks/UIFoundation.framework/Versions/A/UIFoundation
0x00007fff73ea7000 	/System/Library/PrivateFrameworks/XCTTargetBootstrap.framework/Versions/A/XCTTargetBootstrap
0x00007fff4ba51000 	/System/Library/Frameworks/CoreDisplay.framework/Versions/A/CoreDisplay
0x00007fff692af000 	/System/Library/PrivateFrameworks/IconServices.framework/Versions/A/IconServices
0x00007fff506df000 	/System/Library/Frameworks/Metal.framework/Versions/A/Metal
0x00007fff6082a000 	/System/Library/PrivateFrameworks/DesktopServicesPriv.framework/Versions/A/DesktopServicesPriv
0x00007fff7561f000 	/usr/lib/libenergytrace.dylib
0x00007fff70cae000 	/System/Library/PrivateFrameworks/SkyLight.framework/Versions/A/SkyLight
0x00007fff4bf7f000 	/System/Library/Frameworks/CoreGraphics.framework/Versions/A/CoreGraphics
0x00007fff47fab000 	/System/Library/Frameworks/Accelerate.framework/Versions/A/Accelerate
0x00007fff4e503000 	/System/Library/Frameworks/IOSurface.framework/Versions/A/IOSurface
0x00007fff60696000 	/System/Library/PrivateFrameworks/DFRFoundation.framework/Versions/A/DFRFoundation
0x00007fff4a4c9000 	/System/Library/Frameworks/AudioToolbox.framework/Versions/A/AudioToolbox
0x00007fff4a742000 	/System/Library/Frameworks/AudioUnit.framework/Versions/A/AudioUnit
0x00007fff6072b000 	/System/Library/PrivateFrameworks/DataDetectorsCore.framework/Versions/A/DataDetectorsCore
0x00007fff4ae55000 	/System/Library/Frameworks/Carbon.framework/Versions/A/Frameworks/HIToolbox.framework/Versions/A/HIToolbox
0x00007fff75778000 	/usr/lib/libicucore.A.dylib
0x00007fff565de000 	/System/Library/Frameworks/QuartzCore.framework/Versions/A/QuartzCore
0x00007fff4b229000 	/System/Library/Frameworks/Carbon.framework/Versions/A/Frameworks/SpeechRecognition.framework/Versions/A/SpeechRecognition
0x00007fff74bd9000 	/usr/lib/libauto.dylib
0x00007fff7701f000 	/usr/lib/libxml2.2.dylib
0x00007fff60273000 	/System/Library/PrivateFrameworks/CoreUI.framework/Versions/A/CoreUI
0x00007fff4b5b7000 	/System/Library/Frameworks/CoreAudio.framework/Versions/A/CoreAudio
0x00007fff4dbf0000 	/System/Library/Frameworks/DiskArbitration.framework/Versions/A/DiskArbitration
0x00007fff75a26000 	/usr/lib/liblangid.dylib
0x00007fff6a6bd000 	/System/Library/PrivateFrameworks/MultitouchSupport.framework/Versions/A/MultitouchSupport
0x00007fff4e472000 	/System/Library/Frameworks/IOKit.framework/Versions/A/IOKit
0x00007fff74646000 	/usr/lib/libDiagnosticMessagesClient.dylib
0x00007fff4cd8e000 	/System/Library/Frameworks/CoreServices.framework/Versions/A/CoreServices
0x00007fff6c364000 	/System/Library/PrivateFrameworks/PerformanceAnalysis.framework/Versions/A/PerformanceAnalysis
0x00007fff557cc000 	/System/Library/Frameworks/OpenGL.framework/Versions/A/OpenGL
0x00007fff4b35f000 	/System/Library/Frameworks/ColorSync.framework/Versions/A/ColorSync
0x00007fff4c610000 	/System/Library/Frameworks/CoreImage.framework/Versions/A/CoreImage
0x00007fff4d767000 	/System/Library/Frameworks/CoreText.framework/Versions/A/CoreText
0x00007fff4e566000 	/System/Library/Frameworks/ImageIO.framework/Versions/A/ImageIO
0x00007fff5c8c8000 	/System/Library/PrivateFrameworks/Backup.framework/Versions/A/Backup
0x00007fff74b2c000 	/usr/lib/libarchive.2.dylib
0x00007fff4aa9a000 	/System/Library/Frameworks/CFNetwork.framework/Versions/A/CFNetwork
0x00007fff577c3000 	/System/Library/Frameworks/SystemConfiguration.framework/Versions/A/SystemConfiguration
0x00007fff74577000 	/usr/lib/libCRFSuite.dylib
0x00007fff74cc8000 	/usr/lib/libc++.1.dylib
0x00007fff74d1c000 	/usr/lib/libc++abi.dylib
0x00007fff77921000 	/usr/lib/system/libcache.dylib
0x00007fff77926000 	/usr/lib/system/libcommonCrypto.dylib
0x00007fff77931000 	/usr/lib/system/libcompiler_rt.dylib
0x00007fff77939000 	/usr/lib/system/libcopyfile.dylib
0x00007fff77943000 	/usr/lib/system/libcorecrypto.dylib
0x00007fff77a4e000 	/usr/lib/system/libdispatch.dylib
0x00007fff77a88000 	/usr/lib/system/libdyld.dylib
0x00007fff77ab5000 	/usr/lib/system/libkeymgr.dylib
0x00007fff77ac3000 	/usr/lib/system/liblaunch.dylib
0x00007fff77ac4000 	/usr/lib/system/libmacho.dylib
0x00007fff77aca000 	/usr/lib/system/libquarantine.dylib
0x00007fff77acd000 	/usr/lib/system/libremovefile.dylib
0x00007fff77acf000 	/usr/lib/system/libsystem_asl.dylib
0x00007fff77ae7000 	/usr/lib/system/libsystem_blocks.dylib
0x00007fff77ae8000 	/usr/lib/system/libsystem_c.dylib
0x00007fff77b70000 	/usr/lib/system/libsystem_configuration.dylib
0x00007fff77b74000 	/usr/lib/system/libsystem_coreservices.dylib
0x00007fff77b78000 	/usr/lib/system/libsystem_darwin.dylib
0x00007fff77b7f000 	/usr/lib/system/libsystem_dnssd.dylib
0x00007fff77b86000 	/usr/lib/system/libsystem_info.dylib
0x00007fff77bfb000 	/usr/lib/system/libsystem_m.dylib
0x00007fff77c47000 	/usr/lib/system/libsystem_malloc.dylib
0x00007fff77c72000 	/usr/lib/system/libsystem_networkextension.dylib
0x00007fff77c7d000 	/usr/lib/system/libsystem_notify.dylib
0x00007fff77c9a000 	/usr/lib/system/libsystem_sandbox.dylib
0x00007fff77c9e000 	/usr/lib/system/libsystem_secinit.dylib
0x00007fff77bd2000 	/usr/lib/system/libsystem_kernel.dylib
0x00007fff77c85000 	/usr/lib/system/libsystem_platform.dylib
0x00007fff77c8f000 	/usr/lib/system/libsystem_pthread.dylib
0x00007fff77ca1000 	/usr/lib/system/libsystem_symptoms.dylib
0x00007fff77ca9000 	/usr/lib/system/libsystem_trace.dylib
0x00007fff77cc0000 	/usr/lib/system/libunwind.dylib
0x00007fff77cc6000 	/usr/lib/system/libxpc.dylib
0x00007fff74ca9000 	/usr/lib/libbsm.0.dylib
0x00007fff77ab6000 	/usr/lib/system/libkxld.dylib
0x00007fff5bcb9000 	/System/Library/PrivateFrameworks/AppleFSCompression.framework/Versions/A/AppleFSCompression
0x00007fff74945000 	/usr/lib/libOpenScriptingUtil.dylib
0x00007fff74fd1000 	/usr/lib/libcoretls.dylib
0x00007fff74fe8000 	/usr/lib/libcoretls_cfhelpers.dylib
0x00007fff76a53000 	/usr/lib/libpam.2.dylib
0x00007fff76c13000 	/usr/lib/libsqlite3.dylib
0x00007fff7700d000 	/usr/lib/libxar.1.dylib
0x00007fff74cba000 	/usr/lib/libbz2.1.0.dylib
0x00007fff75a28000 	/usr/lib/liblzma.5.dylib
0x00007fff75ed9000 	/usr/lib/libnetwork.dylib
0x00007fff74b15000 	/usr/lib/libapple_nghttp2.dylib
0x00007fff76a5a000 	/usr/lib/libpcap.A.dylib
0x00007fff4d12d000 	/System/Library/Frameworks/CoreServices.framework/Versions/A/Frameworks/FSEvents.framework/Versions/A/FSEvents
0x00007fff4ce0c000 	/System/Library/Frameworks/CoreServices.framework/Versions/A/Frameworks/CarbonCore.framework/Versions/A/CarbonCore
0x00007fff4d2e9000 	/System/Library/Frameworks/CoreServices.framework/Versions/A/Frameworks/Metadata.framework/Versions/A/Metadata
0x00007fff4d388000 	/System/Library/Frameworks/CoreServices.framework/Versions/A/Frameworks/OSServices.framework/Versions/A/OSServices
0x00007fff4d3d3000 	/System/Library/Frameworks/CoreServices.framework/Versions/A/Frameworks/SearchKit.framework/Versions/A/SearchKit
0x00007fff4cd8f000 	/System/Library/Frameworks/CoreServices.framework/Versions/A/Frameworks/AE.framework/Versions/A/AE
0x00007fff4d136000 	/System/Library/Frameworks/CoreServices.framework/Versions/A/Frameworks/LaunchServices.framework/Versions/A/LaunchServices
0x00007fff4d0e4000 	/System/Library/Frameworks/CoreServices.framework/Versions/A/Frameworks/DictionaryServices.framework/Versions/A/DictionaryServices
0x00007fff4d43b000 	/System/Library/Frameworks/CoreServices.framework/Versions/A/Frameworks/SharedFileList.framework/Versions/A/SharedFileList
0x00007fff517a7000 	/System/Library/Frameworks/NetFS.framework/Versions/A/NetFS
0x00007fff6a923000 	/System/Library/PrivateFrameworks/NetAuth.framework/Versions/A/NetAuth
0x00007fff742ab000 	/System/Library/PrivateFrameworks/login.framework/Versions/A/Frameworks/loginsupport.framework/Versions/A/loginsupport
0x00007fff723ce000 	/System/Library/PrivateFrameworks/TCC.framework/Versions/A/TCC
0x00007fff5f8d0000 	/System/Library/PrivateFrameworks/CoreNLP.framework/Versions/A/CoreNLP
0x00007fff6a3b6000 	/System/Library/PrivateFrameworks/MetadataUtilities.framework/Versions/A/MetadataUtilities
0x00007fff75afd000 	/usr/lib/libmecabra.dylib
0x00007fff49fe7000 	/System/Library/Frameworks/ApplicationServices.framework/Versions/A/Frameworks/ATS.framework/Versions/A/ATS
0x00007fff4a336000 	/System/Library/Frameworks/ApplicationServices.framework/Versions/A/Frameworks/ColorSyncLegacy.framework/Versions/A/ColorSyncLegacy
0x00007fff4a3d5000 	/System/Library/Frameworks/ApplicationServices.framework/Versions/A/Frameworks/HIServices.framework/Versions/A/HIServices
0x00007fff4a428000 	/System/Library/Frameworks/ApplicationServices.framework/Versions/A/Frameworks/LangAnalysis.framework/Versions/A/LangAnalysis
0x00007fff4a438000 	/System/Library/Frameworks/ApplicationServices.framework/Versions/A/Frameworks/PrintCore.framework/Versions/A/PrintCore
0x00007fff4a482000 	/System/Library/Frameworks/ApplicationServices.framework/Versions/A/Frameworks/QD.framework/Versions/A/QD
0x00007fff4a4bc000 	/System/Library/Frameworks/ApplicationServices.framework/Versions/A/Frameworks/SpeechSynthesis.framework/Versions/A/SpeechSynthesis
0x00007fff74d44000 	/usr/lib/libcompression.dylib
0x00007fff509af000 	/System/Library/Frameworks/MetalPerformanceShaders.framework/Versions/A/MetalPerformanceShaders
0x00007fff47fc3000 	/System/Library/Frameworks/Accelerate.framework/Versions/A/Frameworks/vImage.framework/Versions/A/vImage
0x00007fff4903d000 	/System/Library/Frameworks/Accelerate.framework/Versions/A/Frameworks/vecLib.framework/Versions/A/vecLib
0x00007fff48f89000 	/System/Library/Frameworks/Accelerate.framework/Versions/A/Frameworks/vecLib.framework/Versions/A/libvMisc.dylib
0x00007fff48da1000 	/System/Library/Frameworks/Accelerate.framework/Versions/A/Frameworks/vecLib.framework/Versions/A/libvDSP.dylib
0x00007fff4865d000 	/System/Library/Frameworks/Accelerate.framework/Versions/A/Frameworks/vecLib.framework/Versions/A/libBLAS.dylib
0x00007fff4894a000 	/System/Library/Frameworks/Accelerate.framework/Versions/A/Frameworks/vecLib.framework/Versions/A/libLAPACK.dylib
0x00007fff48cf4000 	/System/Library/Frameworks/Accelerate.framework/Versions/A/Frameworks/vecLib.framework/Versions/A/libLinearAlgebra.dylib
0x00007fff48d8d000 	/System/Library/Frameworks/Accelerate.framework/Versions/A/Frameworks/vecLib.framework/Versions/A/libSparseBLAS.dylib
0x00007fff48d0a000 	/System/Library/Frameworks/Accelerate.framework/Versions/A/Frameworks/vecLib.framework/Versions/A/libQuadrature.dylib
0x00007fff488d7000 	/System/Library/Frameworks/Accelerate.framework/Versions/A/Frameworks/vecLib.framework/Versions/A/libBNNS.dylib
0x00007fff48d10000 	/System/Library/Frameworks/Accelerate.framework/Versions/A/Frameworks/vecLib.framework/Versions/A/libSparse.dylib
0x00007fff66c12000 	/System/Library/PrivateFrameworks/GPUWrangler.framework/Versions/A/GPUWrangler
0x00007fff68ee4000 	/System/Library/PrivateFrameworks/IOAccelerator.framework/Versions/A/IOAccelerator
0x00007fff68eef000 	/System/Library/PrivateFrameworks/IOPresentment.framework/Versions/A/IOPresentment
0x00007fff606a6000 	/System/Library/PrivateFrameworks/DSExternalDisplay.framework/Versions/A/DSExternalDisplay
0x00007fff54c23000 	/System/Library/Frameworks/OpenGL.framework/Versions/A/Libraries/libCoreFSCache.dylib
0x00007fff507a3000 	/System/Library/Frameworks/MetalPerformanceShaders.framework/Frameworks/MPSCore.framework/Versions/A/MPSCore
0x00007fff507c3000 	/System/Library/Frameworks/MetalPerformanceShaders.framework/Frameworks/MPSImage.framework/Versions/A/MPSImage
0x00007fff50868000 	/System/Library/Frameworks/MetalPerformanceShaders.framework/Frameworks/MPSNeuralNetwork.framework/Versions/A/MPSNeuralNetwork
0x00007fff50840000 	/System/Library/Frameworks/MetalPerformanceShaders.framework/Frameworks/MPSMatrix.framework/Versions/A/MPSMatrix
0x00007fff50994000 	/System/Library/Frameworks/MetalPerformanceShaders.framework/Frameworks/MPSRayIntersector.framework/Versions/A/MPSRayIntersector
0x00007fff6a3df000 	/System/Library/PrivateFrameworks/MetalTools.framework/Versions/A/MetalTools
0x00007fff5b566000 	/System/Library/PrivateFrameworks/AggregateDictionary.framework/Versions/A/AggregateDictionary
0x00007fff74926000 	/usr/lib/libMobileGestalt.dylib
0x00007fff4d8ca000 	/System/Library/Frameworks/CoreVideo.framework/Versions/A/CoreVideo
0x00007fff67a22000 	/System/Library/PrivateFrameworks/GraphVisualizer.framework/Versions/A/GraphVisualizer
0x00007fff618a2000 	/System/Library/PrivateFrameworks/FaceCore.framework/Versions/A/FaceCore
0x00007fff54251000 	/System/Library/Frameworks/OpenCL.framework/Versions/A/OpenCL
0x00007fff7467e000 	/usr/lib/libFosl_dynamic.dylib
0x00007fff6b18e000 	/System/Library/PrivateFrameworks/OTSVG.framework/Versions/A/OTSVG
0x00007fff4a0eb000 	/System/Library/Frameworks/ApplicationServices.framework/Versions/A/Frameworks/ATS.framework/Versions/A/Resources/libFontParser.dylib
0x00007fff4a203000 	/System/Library/Frameworks/ApplicationServices.framework/Versions/A/Frameworks/ATS.framework/Versions/A/Resources/libFontRegistry.dylib
0x00007fff4e7d4000 	/System/Library/Frameworks/ImageIO.framework/Versions/A/Resources/libJPEG.dylib
0x00007fff4eae6000 	/System/Library/Frameworks/ImageIO.framework/Versions/A/Resources/libTIFF.dylib
0x00007fff4eabc000 	/System/Library/Frameworks/ImageIO.framework/Versions/A/Resources/libPng.dylib
0x00007fff4e6f2000 	/System/Library/Frameworks/ImageIO.framework/Versions/A/Resources/libGIF.dylib
0x00007fff4e6f7000 	/System/Library/Frameworks/ImageIO.framework/Versions/A/Resources/libJP2.dylib
0x00007fff4eae3000 	/System/Library/Frameworks/ImageIO.framework/Versions/A/Resources/libRadiance.dylib
0x00007fff5be10000 	/System/Library/PrivateFrameworks/AppleJPEG.framework/Versions/A/AppleJPEG
0x00007fff54c2e000 	/System/Library/Frameworks/OpenGL.framework/Versions/A/Libraries/libGFXShared.dylib
0x00007fff54df1000 	/System/Library/Frameworks/OpenGL.framework/Versions/A/Libraries/libGLU.dylib
0x00007fff54c37000 	/System/Library/Frameworks/OpenGL.framework/Versions/A/Libraries/libGL.dylib
0x00007fff54c43000 	/System/Library/Frameworks/OpenGL.framework/Versions/A/Libraries/libGLImage.dylib
0x00007fff54c20000 	/System/Library/Frameworks/OpenGL.framework/Versions/A/Libraries/libCVMSPluginSupport.dylib
0x00007fff54c29000 	/System/Library/Frameworks/OpenGL.framework/Versions/A/Libraries/libCoreVMClient.dylib
0x00007fff75495000 	/usr/lib/libcups.2.dylib
0x00007fff4fcaa000 	/System/Library/Frameworks/Kerberos.framework/Versions/A/Kerberos
0x00007fff4e1d7000 	/System/Library/Frameworks/GSS.framework/Versions/A/GSS
0x00007fff76ba8000 	/usr/lib/libresolv.9.dylib
0x00007fff75687000 	/usr/lib/libiconv.2.dylib
0x00007fff67b81000 	/System/Library/PrivateFrameworks/Heimdal.framework/Versions/A/Heimdal
0x00007fff75657000 	/usr/lib/libheimdal-asn1.dylib
0x00007fff542c5000 	/System/Library/Frameworks/OpenDirectory.framework/Versions/A/OpenDirectory
0x00007fff5e635000 	/System/Library/PrivateFrameworks/CommonAuth.framework/Versions/A/CommonAuth
0x00007fff542a9000 	/System/Library/Frameworks/OpenDirectory.framework/Versions/A/Frameworks/CFOpenDirectory.framework/Versions/A/CFOpenDirectory
0x00007fff57369000 	/System/Library/Frameworks/SecurityFoundation.framework/Versions/A/SecurityFoundation
0x00007fff5aaaf000 	/System/Library/PrivateFrameworks/APFS.framework/Versions/A/APFS
0x00007fff77009000 	/usr/lib/libutil.dylib
0x00007fff74d32000 	/usr/lib/libcharset.1.dylib
0x00007fff5c0ad000 	/System/Library/PrivateFrameworks/AppleSauce.framework/Versions/A/AppleSauce
0x00007fff5c22e000 	/System/Library/PrivateFrameworks/AssertionServices.framework/Versions/A/AssertionServices
0x00007fff5c95e000 	/System/Library/PrivateFrameworks/BaseBoard.framework/Versions/A/BaseBoard
0x00007fff75a58000 	/usr/lib/libmecab.1.0.0.dylib
0x00007fff75651000 	/usr/lib/libgermantok.dylib
0x00007fff74b02000 	/usr/lib/libThaiTokenizer.dylib
0x00007fff745ae000 	/usr/lib/libChineseTokenizer.dylib
0x00007fff6959d000 	/System/Library/PrivateFrameworks/LanguageModeling.framework/Versions/A/LanguageModeling
0x00007fff5f316000 	/System/Library/PrivateFrameworks/CoreEmoji.framework/Versions/A/CoreEmoji
0x00007fff69679000 	/System/Library/PrivateFrameworks/Lexicon.framework/Versions/A/Lexicon
0x00007fff696bc000 	/System/Library/PrivateFrameworks/LinguisticData.framework/Versions/A/LinguisticData
0x00007fff74d33000 	/usr/lib/libcmph.dylib
0x00007fff57427000 	/System/Library/Frameworks/ServiceManagement.framework/Versions/A/ServiceManagement
0x00007fff5c8bf000 	/System/Library/PrivateFrameworks/BackgroundTaskManagement.framework/Versions/A/BackgroundTaskManagement
0x00007fff77102000 	/usr/lib/libxslt.1.dylib
0x00007fff4b156000 	/System/Library/Frameworks/Carbon.framework/Versions/A/Frameworks/Ink.framework/Versions/A/Ink
0x00007fff72640000 	/System/Library/PrivateFrameworks/TextureIO.framework/Versions/A/TextureIO
0x00007fff74b56000 	/usr/lib/libate.dylib
0x00007fff605f5000 	/System/Library/PrivateFrameworks/CrashReporterSupport.framework/Versions/A/CrashReporterSupport
0x00007fff6fd7f000 	/System/Library/PrivateFrameworks/Sharing.framework/Versions/A/Sharing
0x00007fff5c611000 	/System/Library/PrivateFrameworks/AuthKit.framework/Versions/A/AuthKit
0x00007fff5bb65000 	/System/Library/PrivateFrameworks/Apple80211.framework/Versions/A/Apple80211
0x00007fff6039f000 	/System/Library/PrivateFrameworks/CoreUtils.framework/Versions/A/CoreUtils
0x00007fff4d90a000 	/System/Library/Frameworks/CoreWLAN.framework/Versions/A/CoreWLAN
0x00007fff4e306000 	/System/Library/Frameworks/IOBluetooth.framework/Versions/A/IOBluetooth
0x00007fff6e203000 	/System/Library/PrivateFrameworks/ProtocolBuffer.framework/Versions/A/ProtocolBuffer
0x00007fff6a619000 	/System/Library/PrivateFrameworks/MobileKeyBag.framework/Versions/A/MobileKeyBag
0x00007fff5fbe3000 	/System/Library/PrivateFrameworks/CorePhoneNumbers.framework/Versions/A/CorePhoneNumbers
0x00007fff5bdc4000 	/System/Library/PrivateFrameworks/AppleIDAuthSupport.framework/Versions/A/AppleIDAuthSupport
0x00007fff69570000 	/System/Library/PrivateFrameworks/KeychainCircle.framework/Versions/A/KeychainCircle
0x00007fff6e3b9000 	/System/Library/PrivateFrameworks/ROCKit.framework/Versions/A/ROCKit
0x00007fff60591000 	/System/Library/PrivateFrameworks/CoreWiFi.framework/Versions/A/CoreWiFi
0x00007fff4b6a1000 	/System/Library/Frameworks/CoreBluetooth.framework/Versions/A/CoreBluetooth
0x00007fff607ec000 	/System/Library/PrivateFrameworks/DebugSymbols.framework/Versions/A/DebugSymbols
0x00007fff6015f000 	/System/Library/PrivateFrameworks/CoreSymbolication.framework/Versions/A/CoreSymbolication
0x00007fff71e5b000 	/System/Library/PrivateFrameworks/Symbolication.framework/Versions/A/Symbolication
0x00007fff716fe000 	/System/Library/PrivateFrameworks/SpeechRecognitionCore.framework/Versions/A/SpeechRecognitionCore
0x000000010fc00000 	/Library/Internet Plug-Ins/JavaAppletPlugin.plugin/Contents/Home/lib/server/libjvm.dylib
0x00007fff76ee4000 	/usr/lib/libstdc++.6.dylib
0x000000010f3ac000 	/Library/Internet Plug-Ins/JavaAppletPlugin.plugin/Contents/Home/lib/libverify.dylib
0x000000010f3ba000 	/Library/Internet Plug-Ins/JavaAppletPlugin.plugin/Contents/Home/lib/libjava.dylib
0x0000000110bf4000 	/Library/Internet Plug-Ins/JavaAppletPlugin.plugin/Contents/Home/lib/libzip.dylib
0x00000001266de000 	/Library/Internet Plug-Ins/JavaAppletPlugin.plugin/Contents/Home/lib/libawt.dylib
0x0000000126788000 	/Library/Internet Plug-Ins/JavaAppletPlugin.plugin/Contents/Home/lib/./libmlib_image.dylib
0x00007fff4fc93000 	/System/Library/Frameworks/JavaVM.framework/Versions/A/Frameworks/JavaNativeFoundation.framework/Versions/A/JavaNativeFoundation
0x00007fff4fc9c000 	/System/Library/Frameworks/JavaVM.framework/Versions/A/Frameworks/JavaRuntimeSupport.framework/Versions/A/JavaRuntimeSupport
0x00007fff4fca5000 	/System/Library/Frameworks/JavaVM.framework/Versions/A/JavaVM
0x00007fff6948e000 	/System/Library/PrivateFrameworks/JavaLaunching.framework/Versions/A/JavaLaunching
0x00007fff4ae50000 	/System/Library/Frameworks/Carbon.framework/Versions/A/Carbon
0x00007fff4ae51000 	/System/Library/Frameworks/Carbon.framework/Versions/A/Frameworks/CommonPanels.framework/Versions/A/CommonPanels
0x00007fff4b14c000 	/System/Library/Frameworks/Carbon.framework/Versions/A/Frameworks/Help.framework/Versions/A/Help
0x00007fff4b150000 	/System/Library/Frameworks/Carbon.framework/Versions/A/Frameworks/ImageCapture.framework/Versions/A/ImageCapture
0x00007fff4b1ec000 	/System/Library/Frameworks/Carbon.framework/Versions/A/Frameworks/OpenScripting.framework/Versions/A/OpenScripting
0x00007fff4b224000 	/System/Library/Frameworks/Carbon.framework/Versions/A/Frameworks/Print.framework/Versions/A/Print
0x00007fff4b226000 	/System/Library/Frameworks/Carbon.framework/Versions/A/Frameworks/SecurityHI.framework/Versions/A/SecurityHI
0x0000000126854000 	/Library/Internet Plug-Ins/JavaAppletPlugin.plugin/Contents/Home/lib/libawt_lwawt.dylib
0x000000012690e000 	/Library/Internet Plug-Ins/JavaAppletPlugin.plugin/Contents/Home/lib/./libosxapp.dylib
0x00007fff4dd94000 	/System/Library/Frameworks/ExceptionHandling.framework/Versions/A/ExceptionHandling
0x00007fff5fd67000 	/System/Library/PrivateFrameworks/CoreServicesInternal.framework/Versions/A/CoreServicesInternal
0x00007fff4034e000 	/System/Library/CoreServices/RawCamera.bundle/Contents/MacOS/RawCamera
0x00007fff6a482000 	/System/Library/PrivateFrameworks/MobileAsset.framework/Versions/A/MobileAsset
0x00007fff71da9000 	/System/Library/PrivateFrameworks/StreamingZip.framework/Versions/A/StreamingZip
0x00007fff50037000 	/System/Library/Frameworks/MediaToolbox.framework/Versions/A/MediaToolbox
0x00007fff5eebb000 	/System/Library/PrivateFrameworks/CoreAVCHD.framework/Versions/A/CoreAVCHD
0x00007fff4ff7d000 	/System/Library/Frameworks/MediaAccessibility.framework/Versions/A/MediaAccessibility
0x00007fff69edf000 	/System/Library/PrivateFrameworks/Mangrove.framework/Versions/A/Mangrove
0x00007fff4cc2d000 	/System/Library/Frameworks/CoreMedia.framework/Versions/A/CoreMedia
0x00007fff57a8f000 	/System/Library/Frameworks/VideoToolbox.framework/Versions/A/VideoToolbox
0x00007fff5ead7000 	/System/Library/PrivateFrameworks/CoreAUC.framework/Versions/A/CoreAUC
0x00007fff76c11000 	/usr/lib/libspindump.dylib
0x00007fff5c193000 	/System/Library/PrivateFrameworks/AppleVA.framework/Versions/A/AppleVA
0x00007fff47fac000 	/System/Library/Frameworks/Accelerate.framework/Versions/A/Frameworks/vImage.framework/Versions/A/Libraries/libCGInterfaces.dylib
0x00007fff4a29f000 	/System/Library/Frameworks/ApplicationServices.framework/Versions/A/Frameworks/ATS.framework/Versions/A/Resources/libTrueTypeScaler.dylib
0x00007fff4365f000 	/System/Library/Extensions/AppleIntelBDWGraphicsMTLDriver.bundle/Contents/MacOS/AppleIntelBDWGraphicsMTLDriver
0x00007fff65571000 	/System/Library/PrivateFrameworks/GPUCompiler.framework/Versions/3902/Libraries/libmetal_timestamp.dylib
0x00007fff61cc7000 	/System/Library/PrivateFrameworks/FamilyControls.framework/Versions/A/FamilyControls
0x00007fff5e628000 	/System/Library/PrivateFrameworks/CommerceKit.framework/Versions/A/Frameworks/CommerceCore.framework/Versions/A/CommerceCore
0x00007fff7212e000 	/System/Library/PrivateFrameworks/SystemAdministration.framework/Versions/A/SystemAdministration
0x00007fff5ba66000 	/System/Library/PrivateFrameworks/AppContainer.framework/Versions/A/AppContainer
0x00007fff5ba82000 	/System/Library/PrivateFrameworks/AppSandbox.framework/Versions/A/AppSandbox
0x00007fff6fc20000 	/System/Library/PrivateFrameworks/SecCodeWrapper.framework/Versions/A/SecCodeWrapper
0x00007fff76bc2000 	/usr/lib/libsandbox.1.dylib
0x00007fff748f5000 	/usr/lib/libMatch.1.dylib
0x00007fff60b71000 	/System/Library/PrivateFrameworks/DiskManagement.framework/Versions/A/DiskManagement
0x00007fff4db10000 	/System/Library/Frameworks/DirectoryService.framework/Versions/A/DirectoryService
0x00007fff60aa2000 	/System/Library/PrivateFrameworks/DiskImages.framework/Versions/A/DiskImages
0x00007fff697b5000 	/System/Library/PrivateFrameworks/LoginUIKit.framework/Versions/A/Frameworks/LoginUICore.framework/Versions/A/LoginUICore
0x00007fff745b9000 	/usr/lib/libCoreStorage.dylib
0x00007fff75482000 	/usr/lib/libcsfde.dylib
0x00007fff76a42000 	/usr/lib/libodfde.dylib
0x00007fff69ff7000 	/System/Library/PrivateFrameworks/MediaKit.framework/Versions/A/MediaKit
0x00007fff4db1c000 	/System/Library/Frameworks/DiscRecording.framework/Versions/A/DiscRecording
0x00007fff60ce3000 	/System/Library/PrivateFrameworks/EFILogin.framework/Versions/A/EFILogin
0x00007fff6e1ae000 	/System/Library/PrivateFrameworks/ProtectedCloudStorage.framework/Versions/A/ProtectedCloudStorage
0x00007fff75514000 	/usr/lib/libcurl.4.dylib
0x00007fff75381000 	/usr/lib/libcrypto.42.dylib
0x00007fff76eb4000 	/usr/lib/libssl.44.dylib
0x00007fff4fcc4000 	/System/Library/Frameworks/LDAP.framework/Versions/A/LDAP
0x00007fff727be000 	/System/Library/PrivateFrameworks/TrustEvaluationAgent.framework/Versions/A/TrustEvaluationAgent
0x00007fff76bfe000 	/usr/lib/libsasl2.2.dylib
0x00007fff5f113000 	/System/Library/PrivateFrameworks/CoreDaemon.framework/Versions/B/CoreDaemon
0x00007fff5c0a8000 	/System/Library/PrivateFrameworks/AppleSRP.framework/Versions/A/AppleSRP
0x00007fff735f7000 	/System/Library/PrivateFrameworks/ViewBridge.framework/Versions/A/ViewBridge
0x00007fff557dc000 	/System/Library/Frameworks/OpenGL.framework/Versions/A/Resources/GLEngine.bundle/GLEngine
0x00007fff54c7e000 	/System/Library/Frameworks/OpenGL.framework/Versions/A/Libraries/libGLProgrammability.dylib
0x00007fff4315a000 	/System/Library/Extensions/AppleIntelBDWGraphicsGLDriver.bundle/Contents/MacOS/AppleIntelBDWGraphicsGLDriver
0x00007fff66c06000 	/System/Library/PrivateFrameworks/GPUSupport.framework/Versions/A/Libraries/libGPUSupportMercury.dylib
0x00007fff55974000 	/System/Library/Frameworks/OpenGL.framework/Versions/A/Resources/GLRendererFloat.bundle/GLRendererFloat
0x00007fff54248000 	/System/Library/Frameworks/OpenCL.framework/Versions/A/Libraries/libcldcpuengine.dylib
0x00007fff75187000 	/usr/lib/libcrypto.35.dylib
0x000000012b909000 	/Library/Internet Plug-Ins/JavaAppletPlugin.plugin/Contents/Home/lib/libfontmanager.dylib
0x000000012bc19000 	/Library/Internet Plug-Ins/JavaAppletPlugin.plugin/Contents/Home/lib/libnet.dylib
0x000000012b984000 	/Library/Internet Plug-Ins/JavaAppletPlugin.plugin/Contents/Home/lib/libnio.dylib
0x000000015b3f9000 	/Library/Internet Plug-Ins/JavaAppletPlugin.plugin/Contents/Home/lib/libosx.dylib
0x000000015b407000 	/Library/Internet Plug-Ins/JavaAppletPlugin.plugin/Contents/Home/lib/libosxui.dylib
0x000000015c230000 	/usr/lib/libobjc-trampolines.dylib
0x000000012a88e000 	/Library/Internet Plug-Ins/JavaAppletPlugin.plugin/Contents/Home/lib/libdcpr.dylib
0x00007fff5d992000 	/System/Library/PrivateFrameworks/CloudDocs.framework/Versions/A/CloudDocs
0x00007fff61cee000 	/System/Library/PrivateFrameworks/FileProvider.framework/Versions/A/FileProvider
0x00007fff717bc000 	/System/Library/PrivateFrameworks/SpotlightIndex.framework/Versions/A/SpotlightIndex
0x00007fff71ee7000 	/System/Library/PrivateFrameworks/SymptomDiagnosticReporter.framework/Versions/A/SymptomDiagnosticReporter
0x00007fff66fa4000 	/System/Library/PrivateFrameworks/GenerationalStorage.framework/Versions/A/GenerationalStorage
0x00007fff5d829000 	/System/Library/PrivateFrameworks/ChunkingLibrary.framework/Versions/A/ChunkingLibrary
0x00007fff6dda2000 	/System/Library/PrivateFrameworks/PowerLog.framework/Versions/A/PowerLog
0x00007fff5ef09000 	/System/Library/PrivateFrameworks/CoreAnalytics.framework/Versions/A/CoreAnalytics

VM Arguments:
java_command: /Users/SWilbert/byd-all-documentation/01.byd-DataFactory/1.ArchitectureDossier/tools/00.PlantUML/plantuml.jar
java_class_path (initial): /Users/SWilbert/byd-all-documentation/01.byd-DataFactory/1.ArchitectureDossier/tools/00.PlantUML/plantuml.jar
Launcher Type: SUN_STANDARD

Environment Variables:
PATH=/usr/bin:/bin:/usr/sbin:/sbin
SHELL=/bin/bash

Signal Handlers:
SIGSEGV: [libjvm.dylib+0x5b6029], sa_mask[0]=11111111011111110111111111111111, sa_flags=SA_ONSTACK|SA_RESTART|SA_SIGINFO
SIGBUS: [libjvm.dylib+0x5b6029], sa_mask[0]=11111111011111110111111111111111, sa_flags=SA_RESTART|SA_SIGINFO
SIGFPE: [libjvm.dylib+0x48b934], sa_mask[0]=11111111011111110111111111111111, sa_flags=SA_RESTART|SA_SIGINFO
SIGPIPE: [libjvm.dylib+0x48b934], sa_mask[0]=11111111011111110111111111111111, sa_flags=SA_RESTART|SA_SIGINFO
SIGXFSZ: [libjvm.dylib+0x48b934], sa_mask[0]=11111111011111110111111111111111, sa_flags=SA_RESTART|SA_SIGINFO
SIGILL: [libjvm.dylib+0x48b934], sa_mask[0]=11111111011111110111111111111111, sa_flags=SA_RESTART|SA_SIGINFO
SIGUSR1: SIG_DFL, sa_mask[0]=00000000000000000000000000000000, sa_flags=none
SIGUSR2: [libjvm.dylib+0x48b452], sa_mask[0]=00000000000000000000000000000000, sa_flags=SA_RESTART|SA_SIGINFO
SIGHUP: [libjvm.dylib+0x489a1d], sa_mask[0]=11111111011111110111111111111111, sa_flags=SA_RESTART|SA_SIGINFO
SIGINT: [libjvm.dylib+0x489a1d], sa_mask[0]=11111111011111110111111111111111, sa_flags=SA_RESTART|SA_SIGINFO
SIGTERM: [libjvm.dylib+0x489a1d], sa_mask[0]=11111111011111110111111111111111, sa_flags=SA_RESTART|SA_SIGINFO
SIGQUIT: [libjvm.dylib+0x489a1d], sa_mask[0]=11111111011111110111111111111111, sa_flags=SA_RESTART|SA_SIGINFO


---------------  S Y S T E M  ---------------

OS:Bsduname:Darwin 18.6.0 Darwin Kernel Version 18.6.0: Thu Apr 25 23:16:27 PDT 2019; root:xnu-4903.261.4~2/RELEASE_X86_64 x86_64
rlimit: STACK 8192k, CORE 0k, NPROC 709, NOFILE 10240, AS infinity
load average:2.16 2.29 2.15

CPU:total 4 (initial active 4) (2 cores per cpu, 2 threads per core) family 6 model 61 stepping 4, cmov, cx8, fxsr, mmx, sse, sse2, sse3, ssse3, sse4.1, sse4.2, popcnt, avx, avx2, aes, clmul, erms, 3dnowpref, lzcnt, ht, tsc, tscinvbit, bmi1, bmi2, adx

Memory: 4k page, physical 8388608k(154756k free)

/proc/meminfo:


vm_info: Java HotSpot(TM) 64-Bit Server VM (25.181-b13) for bsd-amd64 JRE (1.8.0_181-b13), built on Jul  7 2018 01:02:31 by "java_re" with gcc 4.2.1 (Based on Apple Inc. build 5658) (LLVM build 2336.11.00)

time: Mon Jul 22 18:09:17 2019
elapsed time: 21514 seconds (0d 5h 58m 34s)

